Info: Start Nativelink Simulation process

========= EDA Simulation Settings =====================

Sim Mode              :  Gate
Family                :  max10
Quartus root          :  c:/intelfpga_lite/18.1/quartus/bin64/
Quartus sim root      :  c:/intelfpga_lite/18.1/quartus/eda/sim_lib
Simulation Tool       :  modelsim-altera
Simulation Language   :  verilog
Simulation Mode       :  GUI
Sim Output File       :  half_adder.vo
Sim SDF file          :  half_adder__verilog.sdo
Sim dir               :  simulation\modelsim

=======================================================

Info: Starting NativeLink simulation with ModelSim-Altera software
Sourced NativeLink script c:/intelfpga_lite/18.1/quartus/common/tcl/internal/nativelink/modelsim.tcl
Warning: File half_adder_run_msim_gate_verilog.do already exists - backing up current file as half_adder_run_msim_gate_verilog.do.bak
Probing transcript
ModelSim-Altera Info: # Reading C:/intelFPGA_lite/18.1/modelsim_ase/tcl/vsim/pref.tcl
ModelSim-Altera Info: # do half_adder_run_msim_gate_verilog.do
ModelSim-Altera Info: # if {[file exists gate_work]} {
ModelSim-Altera Info: # 	vdel -lib gate_work -all
ModelSim-Altera Info: # }
ModelSim-Altera Info: # vlib gate_work
ModelSim-Altera Info: # vmap work gate_work
ModelSim-Altera Info: # Model Technology ModelSim - Intel FPGA Edition vmap 10.5b Lib Mapping Utility 2016.10 Oct  5 2016
ModelSim-Altera Info: # vmap work gate_work 
ModelSim-Altera Info: # Copying C:/intelFPGA_lite/18.1/modelsim_ase/win32aloem/../modelsim.ini to modelsim.ini
ModelSim-Altera Info: # Modifying modelsim.ini
ModelSim-Altera Info: # 
ModelSim-Altera Info: # vlog -vlog01compat -work work +incdir+. {half_adder.vo}
ModelSim-Altera Info: # Model Technology ModelSim - Intel FPGA Edition vlog 10.5b Compiler 2016.10 Oct  5 2016
ModelSim-Altera Info: # Start time: 19:05:18 on Nov 19,2020
ModelSim-Altera Info: # vlog -reportprogress 300 -vlog01compat -work work "+incdir+." half_adder.vo 
ModelSim-Altera Info: # -- Compiling module half_adder
ModelSim-Altera Info: # -- Compiling module hard_block
ModelSim-Altera Info: # 
ModelSim-Altera Info: # Top level modules:
ModelSim-Altera Info: # 	half_adder
ModelSim-Altera Info: # End time: 19:05:18 on Nov 19,2020, Elapsed time: 0:00:00
ModelSim-Altera Info: # Errors: 0, Warnings: 0
ModelSim-Altera Info: # 
ModelSim-Altera Info: # vlog -vlog01compat -work work +incdir+C:/Users/bovvlet/Desktop/CA_Lab/CA_LAB/week\ 10/half_adder {C:/Users/bovvlet/Desktop/CA_Lab/CA_LAB/week 10/half_adder/half_adder.v}
ModelSim-Altera Info: # Model Technology ModelSim - Intel FPGA Edition vlog 10.5b Compiler 2016.10 Oct  5 2016
ModelSim-Altera Info: # Start time: 19:05:18 on Nov 19,2020
ModelSim-Altera Info: # vlog -reportprogress 300 -vlog01compat -work work "+incdir+C:/Users/bovvlet/Desktop/CA_Lab/CA_LAB/week 10/half_adder" C:/Users/bovvlet/Desktop/CA_Lab/CA_LAB/week 10/half_adder/half_adder.v 
ModelSim-Altera Info: # -- Compiling module half_adder
ModelSim-Altera Info: # 
ModelSim-Altera Info: # Top level modules:
ModelSim-Altera Info: # 	half_adder
ModelSim-Altera Info: # End time: 19:05:18 on Nov 19,2020, Elapsed time: 0:00:00
ModelSim-Altera Info: # Errors: 0, Warnings: 0
ModelSim-Altera Info: # vlog -vlog01compat -work work +incdir+C:/Users/bovvlet/Desktop/CA_Lab/CA_LAB/week\ 10/half_adder {C:/Users/bovvlet/Desktop/CA_Lab/CA_LAB/week 10/half_adder/half_adder_testbench.v}
ModelSim-Altera Info: # Model Technology ModelSim - Intel FPGA Edition vlog 10.5b Compiler 2016.10 Oct  5 2016
ModelSim-Altera Info: # Start time: 19:05:18 on Nov 19,2020
ModelSim-Altera Info: # vlog -reportprogress 300 -vlog01compat -work work "+incdir+C:/Users/bovvlet/Desktop/CA_Lab/CA_LAB/week 10/half_adder" C:/Users/bovvlet/Desktop/CA_Lab/CA_LAB/week 10/half_adder/half_adder_testbench.v 
ModelSim-Altera Info: # -- Compiling module half_adder_testbench
ModelSim-Altera Info: # 
ModelSim-Altera Info: # Top level modules:
ModelSim-Altera Info: # 	half_adder_testbench
ModelSim-Altera Info: # End time: 19:05:19 on Nov 19,2020, Elapsed time: 0:00:01
ModelSim-Altera Info: # Errors: 0, Warnings: 0
ModelSim-Altera Info: # 
ModelSim-Altera Info: # vsim -t 1ps +transport_int_delays +transport_path_delays -L altera_ver -L altera_lnsim_ver -L fiftyfivenm_ver -L gate_work -L work -voptargs="+acc"  testbench
ModelSim-Altera Info: # vsim -t 1ps "+transport_int_delays" "+transport_path_delays" -L altera_ver -L altera_lnsim_ver -L fiftyfivenm_ver -L gate_work -L work -voptargs=""+acc"" testbench 
ModelSim-Altera Info: # Start time: 19:05:19 on Nov 19,2020
ModelSim-Altera Error: # ** Error: (vsim-3170) Could not find 'testbench'.
ModelSim-Altera Info: #         Searched libraries:
ModelSim-Altera Info: #             C:/intelFPGA_lite/18.1/modelsim_ase/altera/verilog/altera
ModelSim-Altera Info: #             C:/intelFPGA_lite/18.1/modelsim_ase/altera/verilog/altera_lnsim
ModelSim-Altera Info: #             C:/intelFPGA_lite/18.1/modelsim_ase/altera/verilog/fiftyfivenm
ModelSim-Altera Info: #             C:/Users/bovvlet/Desktop/CA_Lab/CA_LAB/week 10/half_adder/simulation/modelsim/gate_work
ModelSim-Altera Info: #             C:/Users/bovvlet/Desktop/CA_Lab/CA_LAB/week 10/half_adder/simulation/modelsim/gate_work
ModelSim-Altera Info: # Error loading design
ModelSim-Altera Info: # Error: Error loading design
ModelSim-Altera Info: #        Pausing macro execution
ModelSim-Altera Info: # MACRO ./half_adder_run_msim_gate_verilog.do PAUSED at line 13
ModelSim-Altera Info: vsim work.half_adder
ModelSim-Altera Info: # vsim work.half_adder 
ModelSim-Altera Info: # Start time: 19:05:19 on Nov 19,2020
ModelSim-Altera Info: # Loading work.half_adder
ModelSim-Altera Info: vsim work.half_adder
ModelSim-Altera Info: # End time: 19:05:53 on Nov 19,2020, Elapsed time: 0:00:34
ModelSim-Altera Info: # Errors: 1, Warnings: 0
ModelSim-Altera Info: # vsim work.half_adder 
ModelSim-Altera Info: # Start time: 19:05:53 on Nov 19,2020
ModelSim-Altera Info: # Loading work.half_adder
ModelSim-Altera Info: vsim work.half_adder_testbench
ModelSim-Altera Info: # End time: 19:06:11 on Nov 19,2020, Elapsed time: 0:00:18
ModelSim-Altera Info: # Errors: 0, Warnings: 0
ModelSim-Altera Info: # vsim work.half_adder_testbench 
ModelSim-Altera Info: # Start time: 19:06:11 on Nov 19,2020
ModelSim-Altera Info: # Loading work.half_adder_testbench
ModelSim-Altera Info: # Loading work.half_adder
ModelSim-Altera Info: run
ModelSim-Altera Info: # a= 0 b = 1 sum = 1 carry = 0
ModelSim-Altera Info: # a= 1 b = 0 sum = 1 carry = 0
ModelSim-Altera Info: # a= 0 b = 0 sum = 0 carry = 0
ModelSim-Altera Info: # a= 1 b = 1 sum = 0 carry = 1
ModelSim-Altera Info: run -all
ModelSim-Altera Info: # End time: 19:07:24 on Nov 19,2020, Elapsed time: 0:01:13
ModelSim-Altera Info: # Errors: 0, Warnings: 0
Error: Errors encountered while running modelsim do file
Error: NativeLink simulation flow was NOT successful



================The following additional information is provided to help identify the cause of error while running nativelink scripts=================
Nativelink TCL script failed with errorCode:  1
Nativelink TCL script failed with errorInfo:  1
    (procedure "launch_sim" line 1)
    invoked from within
"launch_sim launch_args_hash"
    ("eval" body line 1)
    invoked from within
"eval launch_sim launch_args_hash"
    invoked from within
"if [ info exists ::errorCode ] {
                set savedCode $::errorCode
                set savedInfo $::errorInfo
                error $result $..."
    invoked from within
"if [catch {eval launch_sim launch_args_hash} result ] {
            set status 1
            if [ info exists ::errorCode ] {
                set save..."
    (procedure "run_sim" line 74)
    invoked from within
"run_sim run_sim_args_hash"
    invoked from within
"if [ info exists ::errorCode ] {
            set savedCode $::errorCode
            set savedInfo $::errorInfo
            error "$result" $savedInfo ..."
    (procedure "run_eda_simulation_tool" line 334)
    invoked from within
"run_eda_simulation_tool eda_opts_hash"
