Info: Start Nativelink Simulation process

========= EDA Simulation Settings =====================

Sim Mode              :  Gate
Family                :  max10
Quartus root          :  c:/intelfpga_lite/18.1/quartus/bin64/
Quartus sim root      :  c:/intelfpga_lite/18.1/quartus/eda/sim_lib
Simulation Tool       :  modelsim-altera
Simulation Language   :  verilog
Simulation Mode       :  GUI
Sim Output File       :  ex.vo
Sim SDF file          :  ex__verilog.sdo
Sim dir               :  simulation\modelsim

=======================================================

Info: Starting NativeLink simulation with ModelSim-Altera software
Sourced NativeLink script c:/intelfpga_lite/18.1/quartus/common/tcl/internal/nativelink/modelsim.tcl
Warning: File ex_run_msim_gate_verilog.do already exists - backing up current file as ex_run_msim_gate_verilog.do.bak
Probing transcript
ModelSim-Altera Info: # Reading C:/intelFPGA_lite/18.1/modelsim_ase/tcl/vsim/pref.tcl
ModelSim-Altera Info: # do ex_run_msim_gate_verilog.do
ModelSim-Altera Info: # if {[file exists gate_work]} {
ModelSim-Altera Info: # 	vdel -lib gate_work -all
ModelSim-Altera Info: # }
ModelSim-Altera Info: # vlib gate_work
ModelSim-Altera Info: # vmap work gate_work
ModelSim-Altera Info: # Model Technology ModelSim - Intel FPGA Edition vmap 10.5b Lib Mapping Utility 2016.10 Oct  5 2016
ModelSim-Altera Info: # vmap work gate_work 
ModelSim-Altera Info: # Copying C:/intelFPGA_lite/18.1/modelsim_ase/win32aloem/../modelsim.ini to modelsim.ini
ModelSim-Altera Info: # Modifying modelsim.ini
ModelSim-Altera Info: # 
ModelSim-Altera Info: # vlog -vlog01compat -work work +incdir+. {ex.vo}
ModelSim-Altera Info: # Model Technology ModelSim - Intel FPGA Edition vlog 10.5b Compiler 2016.10 Oct  5 2016
ModelSim-Altera Info: # Start time: 17:22:23 on Nov 26,2020
ModelSim-Altera Info: # vlog -reportprogress 300 -vlog01compat -work work "+incdir+." ex.vo 
ModelSim-Altera Info: # -- Compiling module ex
ModelSim-Altera Info: # -- Compiling module hard_block
ModelSim-Altera Info: # 
ModelSim-Altera Info: # Top level modules:
ModelSim-Altera Info: # 	ex
ModelSim-Altera Info: # End time: 17:22:23 on Nov 26,2020, Elapsed time: 0:00:00
ModelSim-Altera Info: # Errors: 0, Warnings: 0
ModelSim-Altera Info: # 
ModelSim-Altera Info: # vlog -vlog01compat -work work +incdir+C:/Users/bovvlet/Desktop/CA_Lab/CA_LAB/week\ 13/ex {C:/Users/bovvlet/Desktop/CA_Lab/CA_LAB/week 13/ex/alu_decoder.v}
ModelSim-Altera Info: # Model Technology ModelSim - Intel FPGA Edition vlog 10.5b Compiler 2016.10 Oct  5 2016
ModelSim-Altera Info: # Start time: 17:22:23 on Nov 26,2020
ModelSim-Altera Info: # vlog -reportprogress 300 -vlog01compat -work work "+incdir+C:/Users/bovvlet/Desktop/CA_Lab/CA_LAB/week 13/ex" C:/Users/bovvlet/Desktop/CA_Lab/CA_LAB/week 13/ex/alu_decoder.v 
ModelSim-Altera Info: # -- Compiling module alu_decoder
ModelSim-Altera Info: # 
ModelSim-Altera Info: # Top level modules:
ModelSim-Altera Info: # 	alu_decoder
ModelSim-Altera Info: # End time: 17:22:23 on Nov 26,2020, Elapsed time: 0:00:00
ModelSim-Altera Info: # Errors: 0, Warnings: 0
ModelSim-Altera Info: # vlog -vlog01compat -work work +incdir+C:/Users/bovvlet/Desktop/CA_Lab/CA_LAB/week\ 13/ex {C:/Users/bovvlet/Desktop/CA_Lab/CA_LAB/week 13/ex/control_unit.v}
ModelSim-Altera Info: # Model Technology ModelSim - Intel FPGA Edition vlog 10.5b Compiler 2016.10 Oct  5 2016
ModelSim-Altera Info: # Start time: 17:22:23 on Nov 26,2020
ModelSim-Altera Info: # vlog -reportprogress 300 -vlog01compat -work work "+incdir+C:/Users/bovvlet/Desktop/CA_Lab/CA_LAB/week 13/ex" C:/Users/bovvlet/Desktop/CA_Lab/CA_LAB/week 13/ex/control_unit.v 
ModelSim-Altera Info: # -- Compiling module ex
ModelSim-Altera Info: # 
ModelSim-Altera Info: # Top level modules:
ModelSim-Altera Info: # 	ex
ModelSim-Altera Info: # End time: 17:22:24 on Nov 26,2020, Elapsed time: 0:00:01
ModelSim-Altera Info: # Errors: 0, Warnings: 0
ModelSim-Altera Info: # vlog -vlog01compat -work work +incdir+C:/Users/bovvlet/Desktop/CA_Lab/CA_LAB/week\ 13/ex {C:/Users/bovvlet/Desktop/CA_Lab/CA_LAB/week 13/ex/main_decoder.v}
ModelSim-Altera Info: # Model Technology ModelSim - Intel FPGA Edition vlog 10.5b Compiler 2016.10 Oct  5 2016
ModelSim-Altera Info: # Start time: 17:22:24 on Nov 26,2020
ModelSim-Altera Info: # vlog -reportprogress 300 -vlog01compat -work work "+incdir+C:/Users/bovvlet/Desktop/CA_Lab/CA_LAB/week 13/ex" C:/Users/bovvlet/Desktop/CA_Lab/CA_LAB/week 13/ex/main_decoder.v 
ModelSim-Altera Info: # -- Compiling module main_decoder
ModelSim-Altera Info: # 
ModelSim-Altera Info: # Top level modules:
ModelSim-Altera Info: # 	main_decoder
ModelSim-Altera Info: # End time: 17:22:24 on Nov 26,2020, Elapsed time: 0:00:00
ModelSim-Altera Info: # Errors: 0, Warnings: 0
ModelSim-Altera Info: # vlog -vlog01compat -work work +incdir+C:/Users/bovvlet/Desktop/CA_Lab/CA_LAB/week\ 13/ex {C:/Users/bovvlet/Desktop/CA_Lab/CA_LAB/week 13/ex/testbench.v}
ModelSim-Altera Info: # Model Technology ModelSim - Intel FPGA Edition vlog 10.5b Compiler 2016.10 Oct  5 2016
ModelSim-Altera Info: # Start time: 17:22:24 on Nov 26,2020
ModelSim-Altera Info: # vlog -reportprogress 300 -vlog01compat -work work "+incdir+C:/Users/bovvlet/Desktop/CA_Lab/CA_LAB/week 13/ex" C:/Users/bovvlet/Desktop/CA_Lab/CA_LAB/week 13/ex/testbench.v 
ModelSim-Altera Info: # -- Compiling module testbench
ModelSim-Altera Info: # 
ModelSim-Altera Info: # Top level modules:
ModelSim-Altera Info: # 	testbench
ModelSim-Altera Info: # End time: 17:22:24 on Nov 26,2020, Elapsed time: 0:00:00
ModelSim-Altera Info: # Errors: 0, Warnings: 0
ModelSim-Altera Info: # 
ModelSim-Altera Info: # vsim -t 1ps +transport_int_delays +transport_path_delays -L altera_ver -L altera_lnsim_ver -L fiftyfivenm_ver -L gate_work -L work -voptargs="+acc"  testbench
ModelSim-Altera Info: # vsim -t 1ps "+transport_int_delays" "+transport_path_delays" -L altera_ver -L altera_lnsim_ver -L fiftyfivenm_ver -L gate_work -L work -voptargs=""+acc"" testbench 
ModelSim-Altera Info: # Start time: 17:22:26 on Nov 26,2020
ModelSim-Altera Info: # Loading work.testbench
ModelSim-Altera Info: # Loading work.ex
ModelSim-Altera Info: # Loading work.main_decoder
ModelSim-Altera Info: # Loading work.alu_decoder
ModelSim-Altera Info: # 
ModelSim-Altera Info: # do C:/Users/bovvlet/Desktop/CA_Lab/CA_LAB/week 13/ex/Tcl_script1.tcl
ModelSim-Altera Error: # ** Error: Cannot open macro file: C:/Users/bovvlet/Desktop/CA_Lab/CA_LAB/week
ModelSim-Altera Info: # Error in macro ./ex_run_msim_gate_verilog.do line 17
ModelSim-Altera Info: # Cannot open macro file: C:/Users/bovvlet/Desktop/CA_Lab/CA_LAB/week
ModelSim-Altera Info: #     while executing
ModelSim-Altera Info: # "do C:/Users/bovvlet/Desktop/CA_Lab/CA_LAB/week 13/ex/Tcl_script1.tcl"
ModelSim-Altera Info: run -all
ModelSim-Altera Info: # opcode = 0x00 RegWrite = 1 RegDst = 1 ALUSrc = 0 Branch = 0 MemWrite = 0 MemtoReg = 0 funct = 0x20 ALUControl = 010
ModelSim-Altera Info: # opcode = 0x00 RegWrite = 1 RegDst = 1 ALUSrc = 0 Branch = 0 MemWrite = 0 MemtoReg = 0 funct = 0x22 ALUControl = 110
ModelSim-Altera Info: # opcode = 0x00 RegWrite = 1 RegDst = 1 ALUSrc = 0 Branch = 0 MemWrite = 0 MemtoReg = 0 funct = 0x24 ALUControl = 000
ModelSim-Altera Info: # opcode = 0x00 RegWrite = 1 RegDst = 1 ALUSrc = 0 Branch = 0 MemWrite = 0 MemtoReg = 0 funct = 0x25 ALUControl = 001
ModelSim-Altera Info: # opcode = 0x00 RegWrite = 1 RegDst = 1 ALUSrc = 0 Branch = 0 MemWrite = 0 MemtoReg = 0 funct = 0x2a ALUControl = 111
ModelSim-Altera Info: # opcode = 0x23 RegWrite = 1 RegDst = 0 ALUSrc = 1 Branch = 0 MemWrite = 0 MemtoReg = 1 funct = 0x2a ALUControl = 010
ModelSim-Altera Info: # opcode = 0x2b RegWrite = 0 RegDst = 0 ALUSrc = 1 Branch = 0 MemWrite = 1 MemtoReg = 1 funct = 0x2a ALUControl = 010
ModelSim-Altera Info: # opcode = 0x04 RegWrite = 0 RegDst = 0 ALUSrc = 0 Branch = 1 MemWrite = 0 MemtoReg = 1 funct = 0x2a ALUControl = 110
ModelSim-Altera Info: # End time: 17:24:06 on Nov 26,2020, Elapsed time: 0:01:40
ModelSim-Altera Info: # Errors: 3, Warnings: 0
Error: Errors encountered while running modelsim do file
Error: NativeLink simulation flow was NOT successful



================The following additional information is provided to help identify the cause of error while running nativelink scripts=================
Nativelink TCL script failed with errorCode:  1
Nativelink TCL script failed with errorInfo:  1
    (procedure "launch_sim" line 1)
    invoked from within
"launch_sim launch_args_hash"
    ("eval" body line 1)
    invoked from within
"eval launch_sim launch_args_hash"
    invoked from within
"if [ info exists ::errorCode ] {
                set savedCode $::errorCode
                set savedInfo $::errorInfo
                error $result $..."
    invoked from within
"if [catch {eval launch_sim launch_args_hash} result ] {
            set status 1
            if [ info exists ::errorCode ] {
                set save..."
    (procedure "run_sim" line 74)
    invoked from within
"run_sim run_sim_args_hash"
    invoked from within
"if [ info exists ::errorCode ] {
            set savedCode $::errorCode
            set savedInfo $::errorInfo
            error "$result" $savedInfo ..."
    (procedure "run_eda_simulation_tool" line 334)
    invoked from within
"run_eda_simulation_tool eda_opts_hash"
